app/build/intermediates/manifest_merge_blame_file/debug/processDebugMainManifest/manifest-merger-blame-debug-report.txt
1<?xml version="1.0" encoding="utf-8"?>
2<manifest xmlns:android="http://schemas.android.com/apk/res/android"
3    package="com.example.nearnote"
4    android:versionCode="1"
5    android:versionName="1.0" >
6
7    <uses-sdk
8        android:minSdkVersion="26"
9        android:targetSdkVersion="35" />
10
11    <uses-permission android:name="android.permission.ACCESS_FINE_LOCATION" />
11-->src\main\AndroidManifest.xml:4:5-79
11-->src\main\AndroidManifest.xml:4:22-76
12    <uses-permission android:name="android.permission.ACCESS_COARSE_LOCATION" />
12-->src\main\AndroidManifest.xml:5:5-81
12-->src\main\AndroidManifest.xml:5:22-78
13    <uses-permission android:name="android.permission.ACCESS_BACKGROUND_LOCATION" />
13-->src\main\AndroidManifest.xml:6:5-85
13-->src\main\AndroidManifest.xml:6:22-82
14    <uses-permission android:name="android.permission.RECEIVE_BOOT_COMPLETED" />
14-->src\main\AndroidManifest.xml:7:5-81
14-->src\main\AndroidManifest.xml:7:22-78
15    <uses-permission android:name="android.permission.POST_NOTIFICATIONS" />
15-->src\main\AndroidManifest.xml:8:5-77
15-->src\main\AndroidManifest.xml:8:22-74
16    <uses-permission android:name="android.permission.INTERNET" />
16-->src\main\AndroidManifest.xml:9:5-67
16-->src\main\AndroidManifest.xml:9:22-64
17    <uses-permission android:name="android.permission.ACCESS_NETWORK_STATE" />
17-->src\main\AndroidManifest.xml:10:5-79
17-->src\main\AndroidManifest.xml:10:22-76
18    <uses-permission android:name="android.permission.FOREGROUND_SERVICE" />
18-->src\main\AndroidManifest.xml:11:5-77
18-->src\main\AndroidManifest.xml:11:22-74
19    <uses-permission android:name="android.permission.FOREGROUND_SERVICE_LOCATION" />
19-->src\main\AndroidManifest.xml:12:5-86
19-->src\main\AndroidManifest.xml:12:22-83
20    <uses-permission android:name="android.permission.ACCESS_WIFI_STATE" />
20-->[com.google.android.libraries.places:places:4.1.0] AndroidManifest.xml:11:5-76
20-->[com.google.android.libraries.places:places:4.1.0] AndroidManifest.xml:11:22-73
21
22    <uses-feature
22-->[com.google.android.gms:play-services-maps:19.0.0] AndroidManifest.xml:26:5-28:35
23        android:glEsVersion="0x00020000"
23-->[com.google.android.gms:play-services-maps:19.0.0] AndroidManifest.xml:27:9-41
24        android:required="true" />
24-->[com.google.android.gms:play-services-maps:19.0.0] AndroidManifest.xml:28:9-32
25
26    <queries>
26-->[com.google.android.gms:play-services-maps:19.0.0] AndroidManifest.xml:30:5-34:15
27
28        <!-- Needs to be explicitly declared on Android R+ -->
29        <package android:name="com.google.android.apps.maps" />
29-->[com.google.android.gms:play-services-maps:19.0.0] AndroidManifest.xml:33:9-64
29-->[com.google.android.gms:play-services-maps:19.0.0] AndroidManifest.xml:33:18-61
30    </queries>
31
32    <uses-permission android:name="android.permission.WAKE_LOCK" />
32-->[androidx.work:work-runtime:2.9.1] AndroidManifest.xml:23:5-68
32-->[androidx.work:work-runtime:2.9.1] AndroidManifest.xml:23:22-65
33
34    <permission
34-->[androidx.core:core:1.15.0] AndroidManifest.xml:22:5-24:47
35        android:name="com.example.nearnote.DYNAMIC_RECEIVER_NOT_EXPORTED_PERMISSION"
35-->[androidx.core:core:1.15.0] AndroidManifest.xml:23:9-81
36        android:protectionLevel="signature" />
36-->[androidx.core:core:1.15.0] AndroidManifest.xml:24:9-44
37
38    <uses-permission android:name="com.example.nearnote.DYNAMIC_RECEIVER_NOT_EXPORTED_PERMISSION" />
38-->[androidx.core:core:1.15.0] AndroidManifest.xml:26:5-97
38-->[androidx.core:core:1.15.0] AndroidManifest.xml:26:22-94
39
40    <application
40-->src\main\AndroidManifest.xml:14:5-58:19
41        android:allowBackup="true"
41-->src\main\AndroidManifest.xml:15:9-35
42        android:appComponentFactory="androidx.core.app.CoreComponentFactory"
42-->[androidx.core:core:1.15.0] AndroidManifest.xml:28:18-86
43        android:debuggable="true"
44        android:extractNativeLibs="false"
45        android:icon="@mipmap/ic_launcher"
45-->src\main\AndroidManifest.xml:16:9-43
46        android:label="NearNote"
46-->src\main\AndroidManifest.xml:17:9-33
47        android:roundIcon="@mipmap/ic_launcher_round"
47-->src\main\AndroidManifest.xml:18:9-54
48        android:supportsRtl="true"
48-->src\main\AndroidManifest.xml:19:9-35
49        android:theme="@style/Theme.NearNote"
49-->src\main\AndroidManifest.xml:20:9-46
50        android:usesCleartextTraffic="true" >
50-->src\main\AndroidManifest.xml:21:9-44
51        <meta-data
51-->src\main\AndroidManifest.xml:22:9-24:70
52            android:name="com.google.android.geo.API_KEY"
52-->src\main\AndroidManifest.xml:23:13-58
53            android:value="AIzaSyB05ww3sK_EUC0LXoHEYjkb8zFxsx0pkm4" />
53-->src\main\AndroidManifest.xml:24:13-68
54
55        <activity
55-->src\main\AndroidManifest.xml:26:9-33:20
56            android:name="com.example.nearnote.MainActivity"
56-->src\main\AndroidManifest.xml:27:13-41
57            android:exported="true" >
57-->src\main\AndroidManifest.xml:28:13-36
58            <intent-filter>
58-->src\main\AndroidManifest.xml:29:13-32:29
59                <action android:name="android.intent.action.MAIN" />
59-->src\main\AndroidManifest.xml:30:17-69
59-->src\main\AndroidManifest.xml:30:25-66
60
61                <category android:name="android.intent.category.LAUNCHER" />
61-->src\main\AndroidManifest.xml:31:17-77
61-->src\main\AndroidManifest.xml:31:27-74
62            </intent-filter>
63        </activity>
64
65        <receiver
65-->src\main\AndroidManifest.xml:35:9-37:39
66            android:name="com.example.nearnote.service.GeofenceBroadcastReceiver"
66-->src\main\AndroidManifest.xml:36:13-62
67            android:exported="true" />
67-->src\main\AndroidManifest.xml:37:13-36
68        <receiver
68-->src\main\AndroidManifest.xml:39:9-45:20
69            android:name="com.example.nearnote.service.BootReceiver"
69-->src\main\AndroidManifest.xml:40:13-49
70            android:exported="true" >
70-->src\main\AndroidManifest.xml:41:13-36
71            <intent-filter>
71-->src\main\AndroidManifest.xml:42:13-44:29
72                <action android:name="android.intent.action.BOOT_COMPLETED" />
72-->src\main\AndroidManifest.xml:43:17-79
72-->src\main\AndroidManifest.xml:43:25-76
73            </intent-filter>
74        </receiver>
75
76        <service
76-->src\main\AndroidManifest.xml:47:9-50:56
77            android:name="com.example.nearnote.service.GeofenceTransitionsService"
77-->src\main\AndroidManifest.xml:48:13-63
78            android:exported="false"
78-->src\main\AndroidManifest.xml:49:13-37
79            android:foregroundServiceType="location" />
79-->src\main\AndroidManifest.xml:50:13-53
80        <service
80-->src\main\AndroidManifest.xml:52:9-56:44
81            android:name="com.example.nearnote.service.LocationForegroundService"
81-->src\main\AndroidManifest.xml:53:13-62
82            android:exported="false"
82-->src\main\AndroidManifest.xml:55:13-37
83            android:foregroundServiceType="location"
83-->src\main\AndroidManifest.xml:54:13-53
84            android:stopWithTask="false" />
84-->src\main\AndroidManifest.xml:56:13-41
85
86        <activity
86-->[androidx.compose.ui:ui-tooling-android:1.7.5] AndroidManifest.xml:23:9-25:39
87            android:name="androidx.compose.ui.tooling.PreviewActivity"
87-->[androidx.compose.ui:ui-tooling-android:1.7.5] AndroidManifest.xml:24:13-71
88            android:exported="true" />
88-->[androidx.compose.ui:ui-tooling-android:1.7.5] AndroidManifest.xml:25:13-36
89        <activity
89-->[com.google.android.libraries.places:places:4.1.0] AndroidManifest.xml:15:9-21:20
90            android:name="com.google.android.libraries.places.widget.AutocompleteActivity"
90-->[com.google.android.libraries.places:places:4.1.0] AndroidManifest.xml:16:13-91
91            android:exported="false"
91-->[com.google.android.libraries.places:places:4.1.0] AndroidManifest.xml:17:13-37
92            android:label="@string/places_autocomplete_label"
92-->[com.google.android.libraries.places:places:4.1.0] AndroidManifest.xml:18:13-62
93            android:theme="@style/PlacesAutocompleteOverlay"
93-->[com.google.android.libraries.places:places:4.1.0] AndroidManifest.xml:19:13-61
94            android:windowSoftInputMode="adjustResize" >
94-->[com.google.android.libraries.places:places:4.1.0] AndroidManifest.xml:20:13-55
95        </activity> <!-- Needs to be explicitly declared on P+ -->
96        <uses-library
96-->[com.google.android.gms:play-services-maps:19.0.0] AndroidManifest.xml:39:9-41:40
97            android:name="org.apache.http.legacy"
97-->[com.google.android.gms:play-services-maps:19.0.0] AndroidManifest.xml:40:13-50
98            android:required="false" />
98-->[com.google.android.gms:play-services-maps:19.0.0] AndroidManifest.xml:41:13-37
99
100        <activity
100-->[com.google.android.gms:play-services-base:18.5.0] AndroidManifest.xml:5:9-173
101            android:name="com.google.android.gms.common.api.GoogleApiActivity"
101-->[com.google.android.gms:play-services-base:18.5.0] AndroidManifest.xml:5:19-85
102            android:exported="false"
102-->[com.google.android.gms:play-services-base:18.5.0] AndroidManifest.xml:5:146-170
103            android:theme="@android:style/Theme.Translucent.NoTitleBar" />
103-->[com.google.android.gms:play-services-base:18.5.0] AndroidManifest.xml:5:86-145
104
105        <service
105-->[androidx.room:room-runtime:2.6.1] AndroidManifest.xml:24:9-28:63
106            android:name="androidx.room.MultiInstanceInvalidationService"
106-->[androidx.room:room-runtime:2.6.1] AndroidManifest.xml:25:13-74
107            android:directBootAware="true"
107-->[androidx.room:room-runtime:2.6.1] AndroidManifest.xml:26:13-43
108            android:exported="false" />
108-->[androidx.room:room-runtime:2.6.1] AndroidManifest.xml:27:13-37
109
110        <provider
110-->[androidx.work:work-runtime:2.9.1] AndroidManifest.xml:29:9-37:20
111            android:name="androidx.startup.InitializationProvider"
111-->[androidx.work:work-runtime:2.9.1] AndroidManifest.xml:30:13-67
112            android:authorities="com.example.nearnote.androidx-startup"
112-->[androidx.work:work-runtime:2.9.1] AndroidManifest.xml:31:13-68
113            android:exported="false" >
113-->[androidx.work:work-runtime:2.9.1] AndroidManifest.xml:32:13-37
114            <meta-data
114-->[androidx.work:work-runtime:2.9.1] AndroidManifest.xml:34:13-36:52
115                android:name="androidx.work.WorkManagerInitializer"
115-->[androidx.work:work-runtime:2.9.1] AndroidManifest.xml:35:17-68
116                android:value="androidx.startup" />
116-->[androidx.work:work-runtime:2.9.1] AndroidManifest.xml:36:17-49
117            <meta-data
117-->[androidx.emoji2:emoji2:1.3.0] AndroidManifest.xml:29:13-31:52
118                android:name="androidx.emoji2.text.EmojiCompatInitializer"
118-->[androidx.emoji2:emoji2:1.3.0] AndroidManifest.xml:30:17-75
119                android:value="androidx.startup" />
119-->[androidx.emoji2:emoji2:1.3.0] AndroidManifest.xml:31:17-49
120            <meta-data
120-->[androidx.lifecycle:lifecycle-process:2.8.7] AndroidManifest.xml:29:13-31:52
121                android:name="androidx.lifecycle.ProcessLifecycleInitializer"
121-->[androidx.lifecycle:lifecycle-process:2.8.7] AndroidManifest.xml:30:17-78
122                android:value="androidx.startup" />
122-->[androidx.lifecycle:lifecycle-process:2.8.7] AndroidManifest.xml:31:17-49
123            <meta-data
123-->[androidx.profileinstaller:profileinstaller:1.3.1] AndroidManifest.xml:29:13-31:52
124                android:name="androidx.profileinstaller.ProfileInstallerInitializer"
124-->[androidx.profileinstaller:profileinstaller:1.3.1] AndroidManifest.xml:30:17-85
125                android:value="androidx.startup" />
125-->[androidx.profileinstaller:profileinstaller:1.3.1] AndroidManifest.xml:31:17-49
126        </provider>
127
128        <service
128-->[androidx.work:work-runtime:2.9.1] AndroidManifest.xml:39:9-45:35
129            android:name="androidx.work.impl.background.systemalarm.SystemAlarmService"
129-->[androidx.work:work-runtime:2.9.1] AndroidManifest.xml:40:13-88
130            android:directBootAware="false"
130-->[androidx.work:work-runtime:2.9.1] AndroidManifest.xml:41:13-44
131            android:enabled="@bool/enable_system_alarm_service_default"
131-->[androidx.work:work-runtime:2.9.1] AndroidManifest.xml:42:13-72
132            android:exported="false" />
132-->[androidx.work:work-runtime:2.9.1] AndroidManifest.xml:43:13-37
133        <service
133-->[androidx.work:work-runtime:2.9.1] AndroidManifest.xml:46:9-52:35
134            android:name="androidx.work.impl.background.systemjob.SystemJobService"
134-->[androidx.work:work-runtime:2.9.1] AndroidManifest.xml:47:13-84
135            android:directBootAware="false"
135-->[androidx.work:work-runtime:2.9.1] AndroidManifest.xml:48:13-44
136            android:enabled="@bool/enable_system_job_service_default"
136-->[androidx.work:work-runtime:2.9.1] AndroidManifest.xml:49:13-70
137            android:exported="true"
137-->[androidx.work:work-runtime:2.9.1] AndroidManifest.xml:50:13-36
138            android:permission="android.permission.BIND_JOB_SERVICE" />
138-->[androidx.work:work-runtime:2.9.1] AndroidManifest.xml:51:13-69
139        <service
139-->[androidx.work:work-runtime:2.9.1] AndroidManifest.xml:53:9-59:35
140            android:name="androidx.work.impl.foreground.SystemForegroundService"
140-->[androidx.work:work-runtime:2.9.1] AndroidManifest.xml:54:13-81
141            android:directBootAware="false"
141-->[androidx.work:work-runtime:2.9.1] AndroidManifest.xml:55:13-44
142            android:enabled="@bool/enable_system_foreground_service_default"
142-->[androidx.work:work-runtime:2.9.1] AndroidManifest.xml:56:13-77
143            android:exported="false" />
143-->[androidx.work:work-runtime:2.9.1] AndroidManifest.xml:57:13-37
144
145        <receiver
145-->[androidx.work:work-runtime:2.9.1] AndroidManifest.xml:61:9-66:35
146            android:name="androidx.work.impl.utils.ForceStopRunnable$BroadcastReceiver"
146-->[androidx.work:work-runtime:2.9.1] AndroidManifest.xml:62:13-88
147            android:directBootAware="false"
147-->[androidx.work:work-runtime:2.9.1] AndroidManifest.xml:63:13-44
148            android:enabled="true"
148-->[androidx.work:work-runtime:2.9.1] AndroidManifest.xml:64:13-35
149            android:exported="false" />
149-->[androidx.work:work-runtime:2.9.1] AndroidManifest.xml:65:13-37
150        <receiver
150-->[androidx.work:work-runtime:2.9.1] AndroidManifest.xml:67:9-77:20
151            android:name="androidx.work.impl.background.systemalarm.ConstraintProxy$BatteryChargingProxy"
151-->[androidx.work:work-runtime:2.9.1] AndroidManifest.xml:68:13-106
152            android:directBootAware="false"
152-->[androidx.work:work-runtime:2.9.1] AndroidManifest.xml:69:13-44
153            android:enabled="false"
153-->[androidx.work:work-runtime:2.9.1] AndroidManifest.xml:70:13-36
154            android:exported="false" >
154-->[androidx.work:work-runtime:2.9.1] AndroidManifest.xml:71:13-37
155            <intent-filter>
155-->[androidx.work:work-runtime:2.9.1] AndroidManifest.xml:73:13-76:29
156                <action android:name="android.intent.action.ACTION_POWER_CONNECTED" />
156-->[androidx.work:work-runtime:2.9.1] AndroidManifest.xml:74:17-87
156-->[androidx.work:work-runtime:2.9.1] AndroidManifest.xml:74:25-84
157                <action android:name="android.intent.action.ACTION_POWER_DISCONNECTED" />
157-->[androidx.work:work-runtime:2.9.1] AndroidManifest.xml:75:17-90
157-->[androidx.work:work-runtime:2.9.1] AndroidManifest.xml:75:25-87
158            </intent-filter>
159        </receiver>
160        <receiver
160-->[androidx.work:work-runtime:2.9.1] AndroidManifest.xml:78:9-88:20
161            android:name="androidx.work.impl.background.systemalarm.ConstraintProxy$BatteryNotLowProxy"
161-->[androidx.work:work-runtime:2.9.1] AndroidManifest.xml:79:13-104
162            android:directBootAware="false"
162-->[androidx.work:work-runtime:2.9.1] AndroidManifest.xml:80:13-44
163            android:enabled="false"
163-->[androidx.work:work-runtime:2.9.1] AndroidManifest.xml:81:13-36
164            android:exported="false" >
164-->[androidx.work:work-runtime:2.9.1] AndroidManifest.xml:82:13-37
165            <intent-filter>
165-->[androidx.work:work-runtime:2.9.1] AndroidManifest.xml:84:13-87:29
166                <action android:name="android.intent.action.BATTERY_OKAY" />
166-->[androidx.work:work-runtime:2.9.1] AndroidManifest.xml:85:17-77
166-->[androidx.work:work-runtime:2.9.1] AndroidManifest.xml:85:25-74
167                <action android:name="android.intent.action.BATTERY_LOW" />
167-->[androidx.work:work-runtime:2.9.1] AndroidManifest.xml:86:17-76
167-->[androidx.work:work-runtime:2.9.1] AndroidManifest.xml:86:25-73
168            </intent-filter>
169        </receiver>
170        <receiver
170-->[androidx.work:work-runtime:2.9.1] AndroidManifest.xml:89:9-99:20
171            android:name="androidx.work.impl.background.systemalarm.ConstraintProxy$StorageNotLowProxy"
171-->[androidx.work:work-runtime:2.9.1] AndroidManifest.xml:90:13-104
172            android:directBootAware="false"
172-->[androidx.work:work-runtime:2.9.1] AndroidManifest.xml:91:13-44
173            android:enabled="false"
173-->[androidx.work:work-runtime:2.9.1] AndroidManifest.xml:92:13-36
174            android:exported="false" >
174-->[androidx.work:work-runtime:2.9.1] AndroidManifest.xml:93:13-37
175            <intent-filter>
175-->[androidx.work:work-runtime:2.9.1] AndroidManifest.xml:95:13-98:29
176                <action android:name="android.intent.action.DEVICE_STORAGE_LOW" />
176-->[androidx.work:work-runtime:2.9.1] AndroidManifest.xml:96:17-83
176-->[androidx.work:work-runtime:2.9.1] AndroidManifest.xml:96:25-80
177                <action android:name="android.intent.action.DEVICE_STORAGE_OK" />
177-->[androidx.work:work-runtime:2.9.1] AndroidManifest.xml:97:17-82
177-->[androidx.work:work-runtime:2.9.1] AndroidManifest.xml:97:25-79
178            </intent-filter>
179        </receiver>
180        <receiver
180-->[androidx.work:work-runtime:2.9.1] AndroidManifest.xml:100:9-109:20
181            android:name="androidx.work.impl.background.systemalarm.ConstraintProxy$NetworkStateProxy"
181-->[androidx.work:work-runtime:2.9.1] AndroidManifest.xml:101:13-103
182            android:directBootAware="false"
182-->[androidx.work:work-runtime:2.9.1] AndroidManifest.xml:102:13-44
183            android:enabled="false"
183-->[androidx.work:work-runtime:2.9.1] AndroidManifest.xml:103:13-36
184            android:exported="false" >
184-->[androidx.work:work-runtime:2.9.1] AndroidManifest.xml:104:13-37
185            <intent-filter>
185-->[androidx.work:work-runtime:2.9.1] AndroidManifest.xml:106:13-108:29
186                <action android:name="android.net.conn.CONNECTIVITY_CHANGE" />
186-->[androidx.work:work-runtime:2.9.1] AndroidManifest.xml:107:17-79
186-->[androidx.work:work-runtime:2.9.1] AndroidManifest.xml:107:25-76
187            </intent-filter>
188        </receiver>
189        <receiver
189-->[androidx.work:work-runtime:2.9.1] AndroidManifest.xml:110:9-121:20
190            android:name="androidx.work.impl.background.systemalarm.RescheduleReceiver"
190-->[androidx.work:work-runtime:2.9.1] AndroidManifest.xml:111:13-88
191            android:directBootAware="false"
191-->[androidx.work:work-runtime:2.9.1] AndroidManifest.xml:112:13-44
192            android:enabled="false"
192-->[androidx.work:work-runtime:2.9.1] AndroidManifest.xml:113:13-36
193            android:exported="false" >
193-->[androidx.work:work-runtime:2.9.1] AndroidManifest.xml:114:13-37
194            <intent-filter>
194-->[androidx.work:work-runtime:2.9.1] AndroidManifest.xml:116:13-120:29
195                <action android:name="android.intent.action.BOOT_COMPLETED" />
195-->src\main\AndroidManifest.xml:43:17-79
195-->src\main\AndroidManifest.xml:43:25-76
196                <action android:name="android.intent.action.TIME_SET" />
196-->[androidx.work:work-runtime:2.9.1] AndroidManifest.xml:118:17-73
196-->[androidx.work:work-runtime:2.9.1] AndroidManifest.xml:118:25-70
197                <action android:name="android.intent.action.TIMEZONE_CHANGED" />
197-->[androidx.work:work-runtime:2.9.1] AndroidManifest.xml:119:17-81
197-->[androidx.work:work-runtime:2.9.1] AndroidManifest.xml:119:25-78
198            </intent-filter>
199        </receiver>
200        <receiver
200-->[androidx.work:work-runtime:2.9.1] AndroidManifest.xml:122:9-131:20
201            android:name="androidx.work.impl.background.systemalarm.ConstraintProxyUpdateReceiver"
201-->[androidx.work:work-runtime:2.9.1] AndroidManifest.xml:123:13-99
202            android:directBootAware="false"
202-->[androidx.work:work-runtime:2.9.1] AndroidManifest.xml:124:13-44
203            android:enabled="@bool/enable_system_alarm_service_default"
203-->[androidx.work:work-runtime:2.9.1] AndroidManifest.xml:125:13-72
204            android:exported="false" >
204-->[androidx.work:work-runtime:2.9.1] AndroidManifest.xml:126:13-37
205            <intent-filter>
205-->[androidx.work:work-runtime:2.9.1] AndroidManifest.xml:128:13-130:29
206                <action android:name="androidx.work.impl.background.systemalarm.UpdateProxies" />
206-->[androidx.work:work-runtime:2.9.1] AndroidManifest.xml:129:17-98
206-->[androidx.work:work-runtime:2.9.1] AndroidManifest.xml:129:25-95
207            </intent-filter>
208        </receiver>
209        <receiver
209-->[androidx.work:work-runtime:2.9.1] AndroidManifest.xml:132:9-142:20
210            android:name="androidx.work.impl.diagnostics.DiagnosticsReceiver"
210-->[androidx.work:work-runtime:2.9.1] AndroidManifest.xml:133:13-78
211            android:directBootAware="false"
211-->[androidx.work:work-runtime:2.9.1] AndroidManifest.xml:134:13-44
212            android:enabled="true"
212-->[androidx.work:work-runtime:2.9.1] AndroidManifest.xml:135:13-35
213            android:exported="true"
213-->[androidx.work:work-runtime:2.9.1] AndroidManifest.xml:136:13-36
214            android:permission="android.permission.DUMP" >
214-->[androidx.work:work-runtime:2.9.1] AndroidManifest.xml:137:13-57
215            <intent-filter>
215-->[androidx.work:work-runtime:2.9.1] AndroidManifest.xml:139:13-141:29
216                <action android:name="androidx.work.diagnostics.REQUEST_DIAGNOSTICS" />
216-->[androidx.work:work-runtime:2.9.1] AndroidManifest.xml:140:17-88
216-->[androidx.work:work-runtime:2.9.1] AndroidManifest.xml:140:25-85
217            </intent-filter>
218        </receiver>
219
220        <meta-data
220-->[com.google.android.gms:play-services-basement:18.4.0] AndroidManifest.xml:6:9-122
221            android:name="com.google.android.gms.version"
221-->[com.google.android.gms:play-services-basement:18.4.0] AndroidManifest.xml:6:20-65
222            android:value="@integer/google_play_services_version" />
222-->[com.google.android.gms:play-services-basement:18.4.0] AndroidManifest.xml:6:66-119
223
224        <service
224-->[com.google.android.datatransport:transport-backend-cct:3.2.0] AndroidManifest.xml:26:9-32:19
225            android:name="com.google.android.datatransport.runtime.backends.TransportBackendDiscovery"
225-->[com.google.android.datatransport:transport-backend-cct:3.2.0] AndroidManifest.xml:27:13-103
226            android:exported="false" >
226-->[com.google.android.datatransport:transport-backend-cct:3.2.0] AndroidManifest.xml:28:13-37
227            <meta-data
227-->[com.google.android.datatransport:transport-backend-cct:3.2.0] AndroidManifest.xml:29:13-31:39
228                android:name="backend:com.google.android.datatransport.cct.CctBackendFactory"
228-->[com.google.android.datatransport:transport-backend-cct:3.2.0] AndroidManifest.xml:30:17-94
229                android:value="cct" />
229-->[com.google.android.datatransport:transport-backend-cct:3.2.0] AndroidManifest.xml:31:17-36
230        </service>
231        <service
231-->[com.google.android.datatransport:transport-runtime:3.2.0] AndroidManifest.xml:24:9-28:19
232            android:name="com.google.android.datatransport.runtime.scheduling.jobscheduling.JobInfoSchedulerService"
232-->[com.google.android.datatransport:transport-runtime:3.2.0] AndroidManifest.xml:25:13-117
233            android:exported="false"
233-->[com.google.android.datatransport:transport-runtime:3.2.0] AndroidManifest.xml:26:13-37
234            android:permission="android.permission.BIND_JOB_SERVICE" >
234-->[com.google.android.datatransport:transport-runtime:3.2.0] AndroidManifest.xml:27:13-69
235        </service>
236
237        <receiver
237-->[com.google.android.datatransport:transport-runtime:3.2.0] AndroidManifest.xml:30:9-32:40
238            android:name="com.google.android.datatransport.runtime.scheduling.jobscheduling.AlarmManagerSchedulerBroadcastReceiver"
238-->[com.google.android.datatransport:transport-runtime:3.2.0] AndroidManifest.xml:31:13-132
239            android:exported="false" />
239-->[com.google.android.datatransport:transport-runtime:3.2.0] AndroidManifest.xml:32:13-37
240        <receiver
240-->[androidx.profileinstaller:profileinstaller:1.3.1] AndroidManifest.xml:34:9-52:20
241            android:name="androidx.profileinstaller.ProfileInstallReceiver"
241-->[androidx.profileinstaller:profileinstaller:1.3.1] AndroidManifest.xml:35:13-76
242            android:directBootAware="false"
242-->[androidx.profileinstaller:profileinstaller:1.3.1] AndroidManifest.xml:36:13-44
243            android:enabled="true"
243-->[androidx.profileinstaller:profileinstaller:1.3.1] AndroidManifest.xml:37:13-35
244            android:exported="true"
244-->[androidx.profileinstaller:profileinstaller:1.3.1] AndroidManifest.xml:38:13-36
245            android:permission="android.permission.DUMP" >
245-->[androidx.profileinstaller:profileinstaller:1.3.1] AndroidManifest.xml:39:13-57
246            <intent-filter>
246-->[androidx.profileinstaller:profileinstaller:1.3.1] AndroidManifest.xml:40:13-42:29
247                <action android:name="androidx.profileinstaller.action.INSTALL_PROFILE" />
247-->[androidx.profileinstaller:profileinstaller:1.3.1] AndroidManifest.xml:41:17-91
247-->[androidx.profileinstaller:profileinstaller:1.3.1] AndroidManifest.xml:41:25-88
248            </intent-filter>
249            <intent-filter>
249-->[androidx.profileinstaller:profileinstaller:1.3.1] AndroidManifest.xml:43:13-45:29
250                <action android:name="androidx.profileinstaller.action.SKIP_FILE" />
250-->[androidx.profileinstaller:profileinstaller:1.3.1] AndroidManifest.xml:44:17-85
250-->[androidx.profileinstaller:profileinstaller:1.3.1] AndroidManifest.xml:44:25-82
251            </intent-filter>
252            <intent-filter>
252-->[androidx.profileinstaller:profileinstaller:1.3.1] AndroidManifest.xml:46:13-48:29
253                <action android:name="androidx.profileinstaller.action.SAVE_PROFILE" />
253-->[androidx.profileinstaller:profileinstaller:1.3.1] AndroidManifest.xml:47:17-88
253-->[androidx.profileinstaller:profileinstaller:1.3.1] AndroidManifest.xml:47:25-85
254            </intent-filter>
255            <intent-filter>
255-->[androidx.profileinstaller:profileinstaller:1.3.1] AndroidManifest.xml:49:13-51:29
256                <action android:name="androidx.profileinstaller.action.BENCHMARK_OPERATION" />
256-->[androidx.profileinstaller:profileinstaller:1.3.1] AndroidManifest.xml:50:17-95
256-->[androidx.profileinstaller:profileinstaller:1.3.1] AndroidManifest.xml:50:25-92
257            </intent-filter>
258        </receiver>
259    </application>
260
261</manifest>